<?xml version="1.0" encoding="UTF-8"?>
<!-- Generated by org.testng.reporters.JUnitReportReporter -->
<testsuite hostname="umesh" failures="0" tests="1" name="Scripts.Testcase3" time="30.235" errors="0" timestamp="2022-12-30T12:11:26 IST" skipped="0">
  <testcase classname="Scripts.Testcase3" name="tc3" time="30.235"/>
  <system-out/>
</testsuite> <!-- Scripts.Testcase3 -->
