<?xml version="1.0" encoding="UTF-8"?>
<!-- Generated by org.testng.reporters.JUnitReportReporter -->
<testsuite hostname="umesh" failures="0" tests="1" name="Scripts.Testcase2" time="36.405" errors="0" timestamp="2022-12-30T12:11:26 IST" skipped="0">
  <testcase classname="Scripts.Testcase2" name="tc2" time="36.405"/>
  <system-out/>
</testsuite> <!-- Scripts.Testcase2 -->
