<?xml version="1.0" encoding="UTF-8"?>
<!-- Generated by org.testng.reporters.JUnitReportReporter -->
<testsuite hostname="umesh" failures="0" tests="1" name="Scripts.testcase1" time="17.033" errors="0" timestamp="2022-12-30T12:11:26 IST" skipped="0">
  <testcase classname="Scripts.testcase1" name="tc1" time="17.033"/>
  <system-out/>
</testsuite> <!-- Scripts.testcase1 -->
